<?xml version="1.0" encoding="UTF-8"?>
<!-- Generated by org.testng.reporters.JUnitReportReporter -->
<testsuite skipped="0" hostname="DESKTOP-MEHJCQT" name="utilityClass.ssCode" tests="1" failures="0" timestamp="2023-08-07T16:18:22 IST" time="7.461" errors="0">
  <testcase name="takeSSCode" time="7.461" classname="utilityClass.ssCode"/>
  <system-out/>
</testsuite> <!-- utilityClass.ssCode -->
